[    0.000000] Linux version 4.15.0-74-generic (buildd@lcy01-amd64-022) (gcc version 7.4.0 (Ubuntu 7.4.0-1ubuntu1~18.04.1)) #84-Ubuntu SMP Thu Dec 19 08:06:28 UTC 2019 (Ubuntu 4.15.0-74.84-generic 4.15.18)
[    0.000000] Command line: BOOT_IMAGE=/boot/vmlinuz-4.15.0-74-generic root=LABEL=cloudimg-rootfs ro console=tty1 console=ttyS0
[    0.000000] KERNEL supported cpus:
[    0.000000]   Intel GenuineIntel
[    0.000000]   AMD AuthenticAMD
[    0.000000]   Centaur CentaurHauls
[    0.000000] x86/fpu: Supporting XSAVE feature 0x001: 'x87 floating point registers'
[    0.000000] x86/fpu: Supporting XSAVE feature 0x002: 'SSE registers'
[    0.000000] x86/fpu: Supporting XSAVE feature 0x004: 'AVX registers'
[    0.000000] x86/fpu: xstate_offset[2]:  576, xstate_sizes[2]:  256
[    0.000000] x86/fpu: Enabled xstate features 0x7, context size is 832 bytes, using 'standard' format.
[    0.000000] e820: BIOS-provided physical RAM map:
[    0.000000] BIOS-e820: [mem 0x0000000000000000-0x000000000009fbff] usable
[    0.000000] BIOS-e820: [mem 0x000000000009fc00-0x000000000009ffff] reserved
[    0.000000] BIOS-e820: [mem 0x00000000000f0000-0x00000000000fffff] reserved
[    0.000000] BIOS-e820: [mem 0x0000000000100000-0x000000003ffeffff] usable
[    0.000000] BIOS-e820: [mem 0x000000003fff0000-0x000000003fffffff] ACPI data
[    0.000000] BIOS-e820: [mem 0x00000000fec00000-0x00000000fec00fff] reserved
[    0.000000] BIOS-e820: [mem 0x00000000fee00000-0x00000000fee00fff] reserved
[    0.000000] BIOS-e820: [mem 0x00000000fffc0000-0x00000000ffffffff] reserved
[    0.000000] NX (Execute Disable) protection: active
[    0.000000] SMBIOS 2.5 present.
[    0.000000] DMI: innotek GmbH VirtualBox/VirtualBox, BIOS VirtualBox 12/01/2006
[    0.000000] Hypervisor detected: KVM
[    0.000000] e820: last_pfn = 0x3fff0 max_arch_pfn = 0x400000000
[    0.000000] MTRR: Disabled
[    0.000000] x86/PAT: MTRRs disabled, skipping PAT initialization too.
[    0.000000] CPU MTRRs all blank - virtualized system.
[    0.000000] x86/PAT: Configuration [0-7]: WB  WT  UC- UC  WB  WT  UC- UC  
[    0.000000] found SMP MP-table at [mem 0x0009fff0-0x0009ffff]
[    0.000000] Scanning 1 areas for low memory corruption
[    0.000000] RAMDISK: [mem 0x35a6f000-0x36d2efff]
[    0.000000] ACPI: Early table checksum verification disabled
[    0.000000] ACPI: RSDP 0x00000000000E0000 000024 (v02 VBOX  )
[    0.000000] ACPI: XSDT 0x000000003FFF0030 00003C (v01 VBOX   VBOXXSDT 00000001 ASL  00000061)
[    0.000000] ACPI: FACP 0x000000003FFF00F0 0000F4 (v04 VBOX   VBOXFACP 00000001 ASL  00000061)
[    0.000000] ACPI: DSDT 0x000000003FFF0470 0022EA (v02 VBOX   VBOXBIOS 00000002 INTL 20100528)
[    0.000000] ACPI: FACS 0x000000003FFF0200 000040
[    0.000000] ACPI: FACS 0x000000003FFF0200 000040
[    0.000000] ACPI: APIC 0x000000003FFF0240 00005C (v02 VBOX   VBOXAPIC 00000001 ASL  00000061)
[    0.000000] ACPI: SSDT 0x000000003FFF02A0 0001CC (v01 VBOX   VBOXCPUT 00000002 INTL 20100528)
[    0.000000] No NUMA configuration found
[    0.000000] Faking a node at [mem 0x0000000000000000-0x000000003ffeffff]
[    0.000000] NODE_DATA(0) allocated [mem 0x3ffc5000-0x3ffeffff]
[    0.000000] kvm-clock: cpu 0, msr 0:3ff44001, primary cpu clock
[    0.000000] kvm-clock: Using msrs 4b564d01 and 4b564d00
[    0.000000] kvm-clock: using sched offset of 3847450018 cycles
[    0.000000] clocksource: kvm-clock: mask: 0xffffffffffffffff max_cycles: 0x1cd42e4dffb, max_idle_ns: 881590591483 ns
[    0.000000] Zone ranges:
[    0.000000]   DMA      [mem 0x0000000000001000-0x0000000000ffffff]
[    0.000000]   DMA32    [mem 0x0000000001000000-0x000000003ffeffff]
[    0.000000]   Normal   empty
[    0.000000]   Device   empty
[    0.000000] Movable zone start for each node
[    0.000000] Early memory node ranges
[    0.000000]   node   0: [mem 0x0000000000001000-0x000000000009efff]
[    0.000000]   node   0: [mem 0x0000000000100000-0x000000003ffeffff]
[    0.000000] Reserved but unavailable: 98 pages
[    0.000000] Initmem setup node 0 [mem 0x0000000000001000-0x000000003ffeffff]
[    0.000000] ACPI: PM-Timer IO Port: 0x4008
[    0.000000] IOAPIC[0]: apic_id 2, version 32, address 0xfec00000, GSI 0-23
[    0.000000] ACPI: INT_SRC_OVR (bus 0 bus_irq 0 global_irq 2 dfl dfl)
[    0.000000] ACPI: INT_SRC_OVR (bus 0 bus_irq 9 global_irq 9 low level)
[    0.000000] Using ACPI (MADT) for SMP configuration information
[    0.000000] smpboot: Allowing 2 CPUs, 0 hotplug CPUs
[    0.000000] PM: Registered nosave memory: [mem 0x00000000-0x00000fff]
[    0.000000] PM: Registered nosave memory: [mem 0x0009f000-0x0009ffff]
[    0.000000] PM: Registered nosave memory: [mem 0x000a0000-0x000effff]
[    0.000000] PM: Registered nosave memory: [mem 0x000f0000-0x000fffff]
[    0.000000] e820: [mem 0x40000000-0xfebfffff] available for PCI devices
[    0.000000] Booting paravirtualized kernel on KVM
[    0.000000] clocksource: refined-jiffies: mask: 0xffffffff max_cycles: 0xffffffff, max_idle_ns: 7645519600211568 ns
[    0.000000] random: get_random_bytes called from start_kernel+0x99/0x4fd with crng_init=0
[    0.000000] setup_percpu: NR_CPUS:8192 nr_cpumask_bits:2 nr_cpu_ids:2 nr_node_ids:1
[    0.000000] percpu: Embedded 45 pages/cpu s147456 r8192 d28672 u1048576
[    0.000000] PV qspinlock hash table entries: 256 (order: 0, 4096 bytes)
[    0.000000] Built 1 zonelists, mobility grouping on.  Total pages: 257913
[    0.000000] Policy zone: DMA32
[    0.000000] Kernel command line: BOOT_IMAGE=/boot/vmlinuz-4.15.0-74-generic root=LABEL=cloudimg-rootfs ro console=tty1 console=ttyS0
[    0.000000] Memory: 983080K/1048120K available (12300K kernel code, 2481K rwdata, 4260K rodata, 2428K init, 2704K bss, 65040K reserved, 0K cma-reserved)
[    0.000000] SLUB: HWalign=64, Order=0-3, MinObjects=0, CPUs=2, Nodes=1
[    0.000000] Kernel/User page tables isolation: enabled
[    0.000000] ftrace: allocating 39322 entries in 154 pages
[    0.004000] Hierarchical RCU implementation.
[    0.004000] 	RCU restricting CPUs from NR_CPUS=8192 to nr_cpu_ids=2.
[    0.004000] 	Tasks RCU enabled.
[    0.004000] RCU: Adjusting geometry for rcu_fanout_leaf=16, nr_cpu_ids=2
[    0.004000] NR_IRQS: 524544, nr_irqs: 440, preallocated irqs: 16
[    0.004000] Console: colour VGA+ 80x25
[    0.004000] console [tty1] enabled
[    0.004000] console [ttyS0] enabled
[    0.004000] ACPI: Core revision 20170831
[    0.004000] ACPI: 2 ACPI AML tables successfully acquired and loaded
[    0.004000] APIC: Switch to symmetric I/O mode setup
[    0.004000] x2apic enabled
[    0.004000] Switched APIC routing to physical x2apic.
[    0.004000] ..TIMER: vector=0x30 apic1=0 pin1=2 apic2=-1 pin2=-1
[    0.004007] tsc: Detected 2711.998 MHz processor
[    0.005027] Calibrating delay loop (skipped) preset value.. 5423.99 BogoMIPS (lpj=10847992)
[    0.008007] pid_max: default: 32768 minimum: 301
[    0.009170] Security Framework initialized
[    0.010225] Yama: becoming mindful.
[    0.012030] AppArmor: AppArmor initialized
[    0.016015] Dentry cache hash table entries: 131072 (order: 8, 1048576 bytes)
[    0.017659] Inode-cache hash table entries: 65536 (order: 7, 524288 bytes)
[    0.020015] Mount-cache hash table entries: 2048 (order: 2, 16384 bytes)
[    0.021604] Mountpoint-cache hash table entries: 2048 (order: 2, 16384 bytes)
[    0.023495] Last level iTLB entries: 4KB 64, 2MB 8, 4MB 8
[    0.024004] Last level dTLB entries: 4KB 64, 2MB 0, 4MB 0, 1GB 4
[    0.025418] Spectre V1 : Mitigation: usercopy/swapgs barriers and __user pointer sanitization
[    0.028005] Spectre V2 : Mitigation: Full generic retpoline
[    0.029189] Spectre V2 : Spectre v2 / SpectreRSB mitigation: Filling RSB on context switch
[    0.031061] Speculative Store Bypass: Vulnerable
[    0.032053] MDS: Vulnerable: Clear CPU buffers attempted, no microcode
[    0.033714] Freeing SMP alternatives memory: 36K
[    0.144978] smpboot: CPU0: Intel(R) Core(TM) i5-7200U CPU @ 2.50GHz (family: 0x6, model: 0x8e, stepping: 0x9)
[    0.147106] Performance Events: unsupported p6 CPU model 142 no PMU driver, software events only.
[    0.148034] Hierarchical SRCU implementation.
[    0.149566] NMI watchdog: Perf event create on CPU 0 failed with -2
[    0.150821] NMI watchdog: Perf NMI watchdog permanently disabled
[    0.152000] smp: Bringing up secondary CPUs ...
[    0.152085] x86: Booting SMP configuration:
[    0.152969] .... node  #0, CPUs:      #1
[    0.004000] kvm-clock: cpu 1, msr 0:3ff44041, secondary cpu clock
[    0.158469] smp: Brought up 1 node, 2 CPUs
[    0.158469] smpboot: Max logical packages: 1
[    0.160038] smpboot: Total of 2 processors activated (10847.99 BogoMIPS)
[    0.161894] devtmpfs: initialized
[    0.161894] x86/mm: Memory block size: 128MB
[    0.164172] evm: security.selinux
[    0.164899] evm: security.SMACK64
[    0.165628] evm: security.SMACK64EXEC
[    0.166444] evm: security.SMACK64TRANSMUTE
[    0.167326] evm: security.SMACK64MMAP
[    0.168003] evm: security.apparmor
[    0.168741] evm: security.ima
[    0.169402] evm: security.capability
[    0.170216] clocksource: jiffies: mask: 0xffffffff max_cycles: 0xffffffff, max_idle_ns: 7645041785100000 ns
[    0.172017] futex hash table entries: 512 (order: 3, 32768 bytes)
[    0.176033] pinctrl core: initialized pinctrl subsystem
[    0.177486] RTC time: 16:43:33, date: 01/21/20
[    0.180187] NET: Registered protocol family 16
[    0.181338] audit: initializing netlink subsys (disabled)
[    0.182652] audit: type=2000 audit(1579625018.818:1): state=initialized audit_enabled=0 res=1
[    0.184010] cpuidle: using governor ladder
[    0.185076] cpuidle: using governor menu
[    0.186029] ACPI: bus type PCI registered
[    0.188004] acpiphp: ACPI Hot Plug PCI Controller Driver version: 0.5
[    0.189476] PCI: Using configuration type 1 for base access
[    0.192138] HugeTLB registered 2.00 MiB page size, pre-allocated 0 pages
[    0.193677] ACPI: Added _OSI(Module Device)
[    0.196004] ACPI: Added _OSI(Processor Device)
[    0.197112] ACPI: Added _OSI(3.0 _SCP Extensions)
[    0.198237] ACPI: Added _OSI(Processor Aggregator Device)
[    0.199456] ACPI: Added _OSI(Linux-Dell-Video)
[    0.200011] ACPI: Added _OSI(Linux-Lenovo-NV-HDMI-Audio)
[    0.201212] ACPI: Added _OSI(Linux-HPI-Hybrid-Graphics)
[    0.202820] ACPI: Executed 1 blocks of module-level executable AML code
[    0.209750] ACPI: Interpreter enabled
[    0.210701] ACPI: (supports S0 S5)
[    0.211585] ACPI: Using IOAPIC for interrupt routing
[    0.212324] PCI: Using host bridge windows from ACPI; if necessary, use "pci=nocrs" and report a bug
[    0.214647] ACPI: Enabled 2 GPEs in block 00 to 07
[    0.224607] ACPI: PCI Root Bridge [PCI0] (domain 0000 [bus 00-ff])
[    0.226237] acpi PNP0A03:00: _OSC: OS supports [ASPM ClockPM Segments MSI]
[    0.228161] acpi PNP0A03:00: _OSC: not requesting OS control; OS requires [ExtendedConfig ASPM ClockPM MSI]
[    0.230422] acpi PNP0A03:00: fail to add MMCONFIG information, can't access extended PCI configuration space under this bridge.
[    0.232442] PCI host bridge to bus 0000:00
[    0.233474] pci_bus 0000:00: root bus resource [io  0x0000-0x0cf7 window]
[    0.236004] pci_bus 0000:00: root bus resource [io  0x0d00-0xffff window]
[    0.237456] pci_bus 0000:00: root bus resource [mem 0x000a0000-0x000bffff window]
[    0.239194] pci_bus 0000:00: root bus resource [mem 0x40000000-0xfdffffff window]
[    0.240007] pci_bus 0000:00: root bus resource [bus 00-ff]
[    0.245554] pci 0000:00:01.1: legacy IDE quirk: reg 0x10: [io  0x01f0-0x01f7]
[    0.247138] pci 0000:00:01.1: legacy IDE quirk: reg 0x14: [io  0x03f6]
[    0.248005] pci 0000:00:01.1: legacy IDE quirk: reg 0x18: [io  0x0170-0x0177]
[    0.249393] pci 0000:00:01.1: legacy IDE quirk: reg 0x1c: [io  0x0376]
[    0.275203] pci 0000:00:07.0: quirk: [io  0x4000-0x403f] claimed by PIIX4 ACPI
[    0.276021] pci 0000:00:07.0: quirk: [io  0x4100-0x410f] claimed by PIIX4 SMB
[    0.288008] ACPI: PCI Interrupt Link [LNKA] (IRQs 5 9 10 *11)
[    0.289578] ACPI: PCI Interrupt Link [LNKB] (IRQs 5 9 *10 11)
[    0.290868] ACPI: PCI Interrupt Link [LNKC] (IRQs 5 *9 10 11)
[    0.292106] ACPI: PCI Interrupt Link [LNKD] (IRQs 5 9 10 *11)
[    0.293717] SCSI subsystem initialized
[    0.294811] pci 0000:00:02.0: vgaarb: setting as boot VGA device
[    0.294811] pci 0000:00:02.0: vgaarb: VGA device added: decodes=io+mem,owns=io+mem,locks=none
[    0.296012] pci 0000:00:02.0: vgaarb: bridge control possible
[    0.300010] vgaarb: loaded
[    0.300890] ACPI: bus type USB registered
[    0.302031] usbcore: registered new interface driver usbfs
[    0.304018] usbcore: registered new interface driver hub
[    0.305691] usbcore: registered new device driver usb
[    0.308025] EDAC MC: Ver: 3.0.0
[    0.309206] PCI: Using ACPI for IRQ routing
[    0.309371] NetLabel: Initializing
[    0.310350] NetLabel:  domain hash size = 128
[    0.312004] NetLabel:  protocols = UNLABELED CIPSOv4 CALIPSO
[    0.313483] NetLabel:  unlabeled traffic allowed by default
[    0.316090] clocksource: Switched to clocksource kvm-clock
[    0.337208] VFS: Disk quotas dquot_6.6.0
[    0.338253] VFS: Dquot-cache hash table entries: 512 (order 0, 4096 bytes)
[    0.339903] AppArmor: AppArmor Filesystem Enabled
[    0.341205] pnp: PnP ACPI init
[    0.343441] pnp: PnP ACPI: found 3 devices
[    0.356442] clocksource: acpi_pm: mask: 0xffffff max_cycles: 0xffffff, max_idle_ns: 2085701024 ns
[    0.358786] NET: Registered protocol family 2
[    0.360122] TCP established hash table entries: 8192 (order: 4, 65536 bytes)
[    0.361796] TCP bind hash table entries: 8192 (order: 5, 131072 bytes)
[    0.364134] TCP: Hash tables configured (established 8192 bind 8192)
[    0.367753] UDP hash table entries: 512 (order: 2, 16384 bytes)
[    0.369112] UDP-Lite hash table entries: 512 (order: 2, 16384 bytes)
[    0.370567] NET: Registered protocol family 1
[    0.371601] pci 0000:00:00.0: Limiting direct PCI/PCI transfers
[    0.373047] pci 0000:00:01.0: Activating ISA DMA hang workarounds
[    0.374468] pci 0000:00:02.0: Video device with shadowed ROM at [mem 0x000c0000-0x000dffff]
[    0.376736] Unpacking initramfs...
[    0.739736] Freeing initrd memory: 19200K
[    0.740933] clocksource: tsc: mask: 0xffffffffffffffff max_cycles: 0x27178451938, max_idle_ns: 440795251172 ns
[    0.743460] platform rtc_cmos: registered platform RTC device (no PNP device found)
[    0.745159] Scanning for low memory corruption every 60 seconds
[    0.747303] Initialise system trusted keyrings
[    0.748449] Key type blacklist registered
[    0.749620] workingset: timestamp_bits=36 max_order=18 bucket_order=0
[    0.751923] zbud: loaded
[    0.753325] squashfs: version 4.0 (2009/01/31) Phillip Lougher
[    0.754942] fuse init (API version 7.26)
[    0.759253] Key type asymmetric registered
[    0.760162] Asymmetric key parser 'x509' registered
[    0.761313] Block layer SCSI generic (bsg) driver version 0.4 loaded (major 246)
[    0.763038] io scheduler noop registered
[    0.763871] io scheduler deadline registered
[    0.764981] io scheduler cfq registered (default)
[    0.766455] ACPI: AC Adapter [AC] (on-line)
[    0.767499] input: Power Button as /devices/LNXSYSTM:00/LNXPWRBN:00/input/input0
[    0.769487] ACPI: Power Button [PWRF]
[    0.770460] input: Sleep Button as /devices/LNXSYSTM:00/LNXSLPBN:00/input/input1
[    0.772264] ACPI: Sleep Button [SLPF]
[    0.774482] ACPI: Battery Slot [BAT0] (battery present)
[    0.775804] Serial: 8250/16550 driver, 32 ports, IRQ sharing enabled
[    0.798271] 00:02: ttyS0 at I/O 0x3f8 (irq = 4, base_baud = 115200) is a 16550A
[    0.805219] Linux agpgart interface v0.103
[    0.807791] loop: module loaded
[    0.809416] scsi host0: ata_piix
[    0.810372] scsi host1: ata_piix
[    0.811112] ata1: PATA max UDMA/33 cmd 0x1f0 ctl 0x3f6 bmdma 0xd000 irq 14
[    0.812797] ata2: PATA max UDMA/33 cmd 0x170 ctl 0x376 bmdma 0xd008 irq 15
[    0.814785] libphy: Fixed MDIO Bus: probed
[    0.815796] tun: Universal TUN/TAP device driver, 1.6
[    0.817458] PPP generic driver version 2.4.2
[    0.818501] ehci_hcd: USB 2.0 'Enhanced' Host Controller (EHCI) Driver
[    0.819833] ehci-pci: EHCI PCI platform driver
[    0.820827] ehci-platform: EHCI generic platform driver
[    0.821893] ohci_hcd: USB 1.1 'Open' Host Controller (OHCI) Driver
[    0.823159] ohci-pci: OHCI PCI platform driver
[    0.824116] ohci-platform: OHCI generic platform driver
[    0.825610] uhci_hcd: USB Universal Host Controller Interface driver
[    0.826945] i8042: PNP: PS/2 Controller [PNP0303:PS2K,PNP0f03:PS2M] at 0x60,0x64 irq 1,12
[    0.829405] serio: i8042 KBD port at 0x60,0x64 irq 1
[    0.830459] serio: i8042 AUX port at 0x60,0x64 irq 12
[    0.831810] mousedev: PS/2 mouse device common for all mice
[    0.833729] input: AT Translated Set 2 keyboard as /devices/platform/i8042/serio0/input/input2
[    0.835651] rtc_cmos rtc_cmos: rtc core: registered rtc_cmos as rtc0
[    0.837045] rtc_cmos rtc_cmos: alarms up to one day, 114 bytes nvram
[    0.838305] i2c /dev entries driver
[    0.839134] device-mapper: uevent: version 1.0.3
[    0.840222] device-mapper: ioctl: 4.37.0-ioctl (2017-09-20) initialised: dm-devel@redhat.com
[    0.842158] ledtrig-cpu: registered to indicate activity on CPUs
[    0.843941] NET: Registered protocol family 10
[    0.849102] Segment Routing with IPv6
[    0.849956] NET: Registered protocol family 17
[    0.851007] Key type dns_resolver registered
[    0.852438] mce: Using 0 MCE banks
[    0.853204] RAS: Correctable Errors collector initialized.
[    0.854304] sched_clock: Marking stable (852403952, 0)->(1100560966, -248157014)
[    0.856392] registered taskstats version 1
[    0.857272] Loading compiled-in X.509 certificates
[    0.861059] Loaded X.509 cert 'Build time autogenerated kernel key: 62d24f9c726e026b112735485dad6e6e4b50c923'
[    0.863271] zswap: loaded using pool lzo/zbud
[    0.868248] Key type big_key registered
[    0.869119] Key type trusted registered
[    0.871833] Key type encrypted registered
[    0.872808] AppArmor: AppArmor sha1 policy hashing enabled
[    0.873991] ima: No TPM chip found, activating TPM-bypass! (rc=-19)
[    0.875680] ima: Allocated hash algorithm: sha1
[    0.876735] evm: HMAC attrs: 0x1
[    0.877678]   Magic number: 4:927:742
[    0.878728] rtc_cmos rtc_cmos: setting system clock to 2020-01-21 16:43:33 UTC (1579625013)
[    0.880635] BIOS EDD facility v0.16 2004-Jun-25, 0 devices found
[    0.881834] EDD information not available.
[    0.983242] Freeing unused kernel image memory: 2428K
[    0.988468] Write protecting the kernel read-only data: 20480k
[    0.993439] Freeing unused kernel image memory: 2008K
[    0.997224] Freeing unused kernel image memory: 1884K
[    1.020219] x86/mm: Checked W+X mappings: passed, no W+X pages found.
[    1.021879] x86/mm: Checking user space page tables
[    1.032705] x86/mm: Checked W+X mappings: passed, no W+X pages found.
Loading, please wait...
starting version 237
[    1.119020] e1000: Intel(R) PRO/1000 Network Driver - version 7.3.21-k8-NAPI
[    1.121942] e1000: Copyright (c) 1999-2006 Intel Corporation.
[    1.126294] Fusion MPT base driver 3.04.20
[    1.127606] Copyright (c) 1999-2008 LSI Corporation
[    1.149272] AVX2 version of gcm_enc/dec engaged.
[    1.151861] AES CTR mode by8 optimization enabled
[    1.162338] Fusion MPT SPI Host driver 3.04.20
[    1.329753] input: ImExPS/2 Generic Explorer Mouse as /devices/platform/i8042/serio1/input/input4
[    1.561916] e1000 0000:00:03.0 eth0: (PCI:33MHz:32-bit) 02:22:e7:1f:39:14
[    1.565412] e1000 0000:00:03.0 eth0: Intel(R) PRO/1000 Network Connection
[    1.571472] mptbase: ioc0: Initiating bringup
[    1.571576] e1000 0000:00:03.0 enp0s3: renamed from eth0
[    1.682695] ioc0: LSI53C1030 A0: Capabilities={Initiator}
[    2.948266] scsi host2: ioc0: LSI53C1030 A0, FwRev=00000000h, Ports=1, MaxQ=256, IRQ=20
[    3.814679] scsi 2:0:0:0: Direct-Access     VBOX     HARDDISK         1.0  PQ: 0 ANSI: 5
[    3.856348] scsi target2:0:0: Beginning Domain Validation
[    3.869332] scsi target2:0:0: Domain Validation skipping write tests
[    3.874379] scsi target2:0:0: Ending Domain Validation
[    3.878963] scsi target2:0:0: asynchronous
[    3.884255] scsi 2:0:1:0: Direct-Access     VBOX     HARDDISK         1.0  PQ: 0 ANSI: 5
[    3.920712] scsi target2:0:1: Beginning Domain Validation
[    3.927272] random: fast init done
[    3.930608] scsi target2:0:1: Domain Validation skipping write tests
[    3.934962] scsi target2:0:1: Ending Domain Validation
[    3.938634] scsi target2:0:1: asynchronous
[    3.958747] random: systemd-udevd: uninitialized urandom read (16 bytes read)
[    3.962438] random: systemd-udevd: uninitialized urandom read (16 bytes read)
[    3.962507] sd 2:0:0:0: Attached scsi generic sg0 type 0
[    3.966227] random: systemd-udevd: uninitialized urandom read (16 bytes read)
[    3.971797] sd 2:0:0:0: [sda] 20971520 512-byte logical blocks: (10.7 GB/10.0 GiB)
[    3.973297] sd 2:0:1:0: Attached scsi generic sg1 type 0
[    3.978058] sd 2:0:0:0: [sda] Write Protect is off
[    3.981301] sd 2:0:0:0: [sda] Incomplete mode parameter data
[    3.981342] sd 2:0:1:0: [sdb] 20480 512-byte logical blocks: (10.5 MB/10.0 MiB)
[    3.984264] sd 2:0:0:0: [sda] Assuming drive cache: write through
[    3.990520] sd 2:0:1:0: [sdb] Write Protect is off
[    3.993024] sd 2:0:1:0: [sdb] Incomplete mode parameter data
[    3.994607] sd 2:0:1:0: [sdb] Assuming drive cache: write through
[    3.995621]  sda: sda1
[    3.998177] sd 2:0:0:0: [sda] Attached SCSI disk
[    4.002332] sd 2:0:1:0: [sdb] Attached SCSI disk
Begin: Loading essential drivers ... [    5.692057] raid6: sse2x1   gen()  9809 MB/s
[    5.740105] raid6: sse2x1   xor()  6607 MB/s
[    5.788834] raid6: sse2x2   gen() 12562 MB/s
[    5.836153] raid6: sse2x2   xor()  8450 MB/s
[    5.884015] raid6: sse2x4   gen() 14368 MB/s
[    5.932316] raid6: sse2x4   xor()  8745 MB/s
[    5.980196] raid6: avx2x1   gen() 20403 MB/s
[    6.028502] raid6: avx2x1   xor() 14294 MB/s
[    6.076779] raid6: avx2x2   gen() 23624 MB/s
[    6.124173] raid6: avx2x2   xor() 15588 MB/s
[    6.172386] raid6: avx2x4   gen() 27452 MB/s
[    6.220203] raid6: avx2x4   xor() 16452 MB/s
[    6.221294] raid6: using algorithm avx2x4 gen() 27452 MB/s
[    6.222476] raid6: .... xor() 16452 MB/s, rmw enabled
[    6.223705] raid6: using avx2x2 recovery algorithm
[    6.226855] xor: automatically using best checksumming function   avx       
[    6.230801] async_tx: api initialized (async)
done.
Begin: Running /scripts/init-premount ... done.
Begin: Mounting root file system ... Begin: Running /scripts/local-top ... done.
Begin: Running /scripts/local-premount ... [    6.291376] Btrfs loaded, crc32c=crc32c-intel
Scanning for Btrfs filesystems
done.
Warning: fsck not present, so skipping root file system
[    6.332589] EXT4-fs (sda1): mounted filesystem with ordered data mode. Opts: (null)
done.
Begin: Running /scripts/local-bottom ... done.
Begin: Running /scripts/init-bottom ... done.
[    6.538938] ip_tables: (C) 2000-2006 Netfilter Core Team
[    6.549253] systemd[1]: systemd 237 running in system mode. (+PAM +AUDIT +SELINUX +IMA +APPARMOR +SMACK +SYSVINIT +UTMP +LIBCRYPTSETUP +GCRYPT +GNUTLS +ACL +XZ +LZ4 +SECCOMP +BLKID +ELFUTILS +KMOD -IDN2 +IDN -PCRE2 default-hierarchy=hybrid)
[    6.553559] systemd[1]: Detected virtualization oracle.
[    6.554627] systemd[1]: Detected architecture x86-64.

Welcome to [1mUbuntu 18.04.3 LTS[0m!

[    6.572931] systemd[1]: Set hostname to <ubuntu>.
[    6.580093] systemd[1]: Initializing machine ID from random generator.
[    6.581994] systemd[1]: Installed transient /etc/machine-id file.
[    6.910282] systemd[1]: Reached target User and Group Name Lookups.
[[0;32m  OK  [0m] Reached target User and Group Name Lookups.
[    6.912693] systemd[1]: Reached target System Time Synchronized.
[[0;32m  OK  [0m] Reached target System Time Synchronized.
[    6.914908] systemd[1]: Started Forward Password Requests to Wall Directory Watch.
[[0;32m  OK  [0m] Started Forward Password Requests to Wall Directory Watch.
[    6.917654] systemd[1]: Reached target Swap.
[[0;32m  OK  [0m] Reached target Swap.
[[0;32m  OK  [0m] Created slice System Slice.
[[0;32m  OK  [0m] Listening on LVM2 poll daemon socket.
[[0;32m  OK  [0m] Listening on udev Kernel Socket.
[[0;32m  OK  [0m] Listening on udev Control Socket.
[[0;32m  OK  [0m] Listening on Device-mapper event daemon FIFOs.
[[0;32m  OK  [0m] Listening on Journal Socket (/dev/log).
[[0;32m  OK  [0m] Listening on Network Service Netlink Socket.
[[0;32m  OK  [0m] Created slice system-serial\x2dgetty.slice.
[[0;32m  OK  [0m] Set up automount Arbitrary Executab…rmats File System Automount Point.
[[0;32m  OK  [0m] Listening on Journal Socket.
         Starting Load Kernel Modules...
         Starting udev Coldplug all Devices...
         Starting Uncomplicated firewall...
         Starting Remount Root and Kernel File Systems...
[[0;32m  OK  [0m] Listening on LVM2 metadata daemon socket.
[    7.067919] Loading iSCSI transport class v2.0-870.
         Starting Monitoring of LVM2 mirrors…ng dmeventd or progress polling...
         Mounting Huge Pages File System...
[[0;32m  OK  [0m] Created slice User and Session Slice.
[[0;32m  OK  [0m] Reached target Slices.
[[0;32m  OK  [0m] Listening on /dev/initctl Compatibility Named Pipe.
         Mounting Kernel Debug File System...
[    7.084914] iscsi: registered transport (tcp)
[[0;32m  OK  [0m] Listening on Journal Audit Socket.
         Starting Set the console keyboard layout...
[[0;32m  OK  [0m] Listening on Syslog Socket.
         Starting Journal Service...
         Starting Create list of required st…ce nodes for the current kernel...
         Mounting POSIX Message Queue File System...
[[0;32m  OK  [0m] Started Uncomplicated firewall.
[[0;32m  OK  [0m] Started LVM2 metadata daemon.
[[0;32m  OK  [0m] Started udev Coldplug all Devices.
[    7.190911] iscsi: registered transport (iser)
[[0;32m  OK  [0m] Started Load Kernel Modules.
         Starting Apply Kernel Variables...
         Mounting FUSE Control File System...
         Mounting Kernel Configuration File System...
[[0;32m  OK  [0m] Started Create list of required sta…vice nodes for the current kernel.
         Starting Create Static Device Nodes in /dev...
[[0;32m  OK  [0m] Mounted POSIX Message Queue File System.
[    7.231104] EXT4-fs (sda1): re-mounted. Opts: (null)
[[0;32m  OK  [0m] Started Journal Service.
[[0;32m  OK  [0m] Started Remount Root and Kernel File Systems.
[[0;32m  OK  [0m] Mounted Huge Pages File System.
[[0;32m  OK  [0m] Mounted Kernel Debug File System.
[[0;32m  OK  [0m] Mounted FUSE Control File System.
[[0;32m  OK  [0m] Mounted Kernel Configuration File System.
         Starting Load/Save Random Seed...
         Starting Flush Journal to Persistent Storage...
[[0;32m  OK  [0m] Started Monitoring of LVM2 mirrors,…sing dmeventd or progress polling.
[[0;32m  OK  [0m] Started Apply Kernel Variables.
[[0;32m  OK  [0m] Started Create Static Device Nodes in /dev.
[[0;32m  OK  [0m] Started Load/Save Random Seed.
         Starting udev Kernel Device Manager...
[[0;32m  OK  [0m] Started udev Kernel Device Manager.
[[0;32m  OK  [0m] Started Flush Journal to Persistent Storage.
[[0;32m  OK  [0m] Started Set the console keyboard layout.
[[0;32m  OK  [0m] Reached target Local File Systems (Pre).
[[0;32m  OK  [0m] Reached target Local File Systems.
         Starting Set console font and keymap...
         Starting Commit a transient machine-id on disk...
         Starting ebtables ruleset management...
         Starting AppArmor initialization...
         Starting Tell Plymouth To Write Out Runtime Data...
         Starting Create Volatile Files and Directories...
[[0;32m  OK  [0m] Started Dispatch Password Requests to Console Directory Watch.
[[0;32m  OK  [0m] Reached target Local Encrypted Volumes.
[[0;32m  OK  [0m] Started Set console font and keymap.
[[0;32m  OK  [0m] Started Tell Plymouth To Write Out Runtime Data.
[[0;32m  OK  [0m] Started Create Volatile Files and Directories.
         Starting Update UTMP about System Boot/Shutdown...
[[0;32m  OK  [0m] Started Commit a transient machine-id on disk.
[[0;32m  OK  [0m] Started Update UTMP about System Boot/Shutdown.
[[0;32m  OK  [0m] Started ebtables ruleset management.
[[0;32m  OK  [0m] Found device /dev/ttyS0.
[[0;32m  OK  [0m] Listening on Load/Save RF Kill Switch Status /dev/rfkill Watch.
[[0;32m  OK  [0m] Started AppArmor initialization.
         Starting Initial cloud-init job (pre-networking)...
[   11.093180] cloud-init[543]: Cloud-init v. 19.3-41-gc4735dd3-0ubuntu1~18.04.1 running 'init-local' at Tue, 21 Jan 2020 16:43:43 +0000. Up 10.55 seconds.
[[0;32m  OK  [0m] Started Initial cloud-init job (pre-networking).
[[0;32m  OK  [0m] Reached target Network (Pre).
         Starting Network Service...
[[0;32m  OK  [0m] Started Network Service.
         Starting Network Name Resolution...
         Starting Wait for Network to be Configured...
[[0;32m  OK  [0m] Started Network Name Resolution.
[[0;32m  OK  [0m] Reached target Network.
[[0;32m  OK  [0m] Reached target Host and Network Name Lookups.
[[0;32m  OK  [0m] Started Wait for Network to be Configured.
         Starting Initial cloud-init job (metadata service crawler)...
[   14.272625] cloud-init[661]: Cloud-init v. 19.3-41-gc4735dd3-0ubuntu1~18.04.1 running 'init' at Tue, 21 Jan 2020 16:43:46 +0000. Up 13.91 seconds.
[   14.276037] cloud-init[661]: ci-info: ++++++++++++++++++++++++++++++++++++++Net device info++++++++++++++++++++++++++++++++++++++
[   14.279244] cloud-init[661]: ci-info: +--------+------+----------------------------+---------------+--------+-------------------+
[   14.282360] cloud-init[661]: ci-info: | Device |  Up  |          Address           |      Mask     | Scope  |     Hw-Address    |
[   14.292534] cloud-init[661]: ci-info: +--------+------+----------------------------+---------------+--------+-------------------+
[   14.294967] cloud-init[661]: ci-info: | enp0s3 | True |         10.0.2.15          | 255.255.255.0 | global | 02:22:e7:1f:39:14 |
[   14.297540] cloud-init[661]: ci-info: | enp0s3 | True | fe80::22:e7ff:fe1f:3914/64 |       .       |  link  | 02:22:e7:1f:39:14 |
[   14.299530] cloud-init[661]: ci-info: |   lo   | True |         127.0.0.1          |   255.0.0.0   |  host  |         .         |
[   14.301855] cloud-init[661]: ci-info: |   lo   | True |          ::1/128           |       .       |  host  |         .         |
[   14.312204] cloud-init[661]: ci-info: +--------+------+----------------------------+---------------+--------+-------------------+
[   14.327315] cloud-init[661]: ci-info: ++++++++++++++++++++++++++++Route IPv4 info+++++++++++++++++++++++++++++
[   14.329276] cloud-init[661]: ci-info: +-------+-------------+----------+-----------------+-----------+-------+
[   14.331073] cloud-init[661]: ci-info: | Route | Destination | Gateway  |     Genmask     | Interface | Flags |
[   14.333210] cloud-init[661]: ci-info: +-------+-------------+----------+-----------------+-----------+-------+
[   14.337172] cloud-init[661]: ci-info: |   0   |   0.0.0.0   | 10.0.2.2 |     0.0.0.0     |   enp0s3  |   UG  |
[   14.340115] cloud-init[661]: ci-info: |   1   |   10.0.2.0  | 0.0.0.0  |  255.255.255.0  |   enp0s3  |   U   |
[   14.342565] cloud-init[661]: ci-info: |   2   |   10.0.2.2  | 0.0.0.0  | 255.255.255.255 |   enp0s3  |   UH  |
[   14.345008] cloud-init[661]: ci-info: +-------+-------------+----------+-----------------+-----------+-------+
[   14.347452] cloud-init[661]: ci-info: +++++++++++++++++++Route IPv6 info+++++++++++++++++++
[   14.349336] cloud-init[661]: ci-info: +-------+-------------+---------+-----------+-------+
[   14.351168] cloud-init[661]: ci-info: | Route | Destination | Gateway | Interface | Flags |
[   14.353103] cloud-init[661]: ci-info: +-------+-------------+---------+-----------+-------+
[   14.355105] cloud-init[661]: ci-info: |   1   |  fe80::/64  |    ::   |   enp0s3  |   U   |
[   14.357067] cloud-init[661]: ci-info: |   3   |    local    |    ::   |   enp0s3  |   U   |
[   14.359129] cloud-init[661]: ci-info: |   4   |   ff00::/8  |    ::   |   enp0s3  |   U   |
[   14.361220] cloud-init[661]: ci-info: +-------+-------------+---------+-----------+-------+
[   15.239314] cloud-init[661]: Generating public/private rsa key pair.
[   15.252570] cloud-init[661]: Your identification has been saved in /etc/ssh/ssh_host_rsa_key.
[   15.255156] cloud-init[661]: Your public key has been saved in /etc/ssh/ssh_host_rsa_key.pub.
[   15.257958] cloud-init[661]: The key fingerprint is:
[   15.259770] cloud-init[661]: SHA256:Th5/mRMClD29xuIqdbIm+KuvfcObwYRjfpxt/mL9sFY root@ubuntu-bionic
[   15.262614] cloud-init[661]: The key's randomart image is:
[   15.264338] cloud-init[661]: +---[RSA 2048]----+
[   15.265977] cloud-init[661]: |        .o .     |
[   15.267660] cloud-init[661]: |       .. o .    |
[   15.281231] cloud-init[661]: |        .  o .   |
[   15.282837] cloud-init[661]: |       . .. +    |
[   15.284901] cloud-init[661]: |      + S..o.    |
[   15.286270] cloud-init[661]: |     o Oo=o. +E  |
[   15.296566] cloud-init[661]: |     ..oO=+.*.   |
[   15.299650] cloud-init[661]: |    ..o.B=o.o+   |
[   15.301125] cloud-init[661]: |    o==*o+.+o..  |
[   15.303416] cloud-init[661]: +----[SHA256]-----+
[   15.305753] cloud-init[661]: Generating public/private dsa key pair.
[   15.307245] cloud-init[661]: Your identification has been saved in /etc/ssh/ssh_host_dsa_key.
[   15.309098] cloud-init[661]: Your public key has been saved in /etc/ssh/ssh_host_dsa_key.pub.
[   15.312672] cloud-init[661]: The key fingerprint is:
[   15.314144] cloud-init[661]: SHA256:GrOIcSL7HFiDkFezNZjX50H7yzwZ1rQ1VpcCFBbaSxs root@ubuntu-bionic
[   15.318882] cloud-init[661]: The key's randomart image is:
[   15.320461] cloud-init[661]: +---[DSA 1024]----+
[[0;32m  OK  [0m[   15.336418] cloud-init[661]: |    ooo. .o*+   +|
[   15.336716] cloud-init[661]: | . .o+... *. . .o|
[   15.337378] cloud-init[661]: |o . ..   +.E  oo.|
[   15.338495] cloud-init[661]: |.o        o.+o.o.|
[   15.339042] cloud-init[661]: |o = . o S  o+ o  |
] Started Initial cloud-init job (metadata service crawler).
[   15.341276] cloud-init[661]: | = * . =   + +   |
[   15.343701] cloud-init[661]: |o o . o     *    |
[   15.344914] cloud-init[661]: | o .         .   |
[   15.345049] cloud-init[661]: |  o              |
[   15.345657] cloud-init[661]: +----[SHA256]-----+
[   15.346468] cloud-init[661]: Generating public/private ecdsa key pair.
[   15.347043] cloud-init[661]: Your identification has been saved in /etc/ssh/ssh_host_ecdsa_key.
[   15.347602] cloud-init[661]: Your public key has been saved in /etc/ssh/ssh_host_ecdsa_key.pub.
[   15.348407] cloud-init[661]: The key fingerprint is:
[   15.349008] cloud-init[661]: SHA256:yOLKr4alhi/Dt65xoK8cfdmrX4SSFHdMD4PYEAmOevY root@ubuntu-bionic
[   15.349553] cloud-init[661]: The key's randomart image is:
[   15.350137] cloud-init[661]: +---[ECDSA 256]---+
[   15.350706] cloud-init[661]: |   ..+*.+=       |
[   15.351305] cloud-init[661]: |  o  ooo..+      |
[   15.351884] cloud-init[661]: | . . .     .     |
[   15.352473] cloud-init[661]: |.   .....        |
[   15.352879] cloud-init[661]: |..o .oo.S.       |
[   15.353463] cloud-init[661]: |.o+o .+ .        |
[   15.354048] cloud-init[661]: |+* oEo . .       |
[   15.354630] cloud-init[661]: |B==o.   o        |
[[0;32m  OK  [0m[   15.354993] ] cloud-initReached target System Initialization.[661]: 
|oOX=o.oo         |
[   15.362721] cloud-init[661]: +----[SHA256]-----+
[   15.364074] cloud-init[661]: Generating public/private ed25519 key pair.
[   15.365443] cloud-init[661]: Your identification has been saved in /etc/ssh/ssh_host_ed25519_key.
[   15.367278] cloud-init[661]: Your public key has been saved in /etc/ssh/ssh_host_ed25519_key.pub.
[   15.368866] cloud-init[661]: The key fingerprint is:
[   15.369869] cloud-init[661]: SHA256:V5mX4Ye/BiVXTHalvkyFwJqHsE93KImdSxhnJddlueU root@ubuntu-bionic
         Starting Socket activation for snappy daemon.[   15.377344] cloud-init[661]: The key's randomart image is:
[   15.377443] cloud-init[661]: +--[ED25519 256]--+
[   15.378550] cloud-init[661]: |          .o+..+@|
[   15.379095] cloud-init[661]: |        o oo.=.X=|
[   15.379698] cloud-init[661]: |         X *+oB+=|
[   15.380470] cloud-init[661]: |        + @.+o==E|
[   15.381011] cloud-init[661]: |        S+.= oo .|
[   15.381912] cloud-init[661]: |         .o  o...|
[   15.382684] cloud-init[661]: |              oo |
[   15.383328] cloud-init[661]: |              .  |
[   15.383980] cloud-init[661]: |                 |
[   15.384562] cloud-init[661]: +----[SHA256]-----+

[[0;32m  OK  [0m] Listening on UUID daemon activation socket.
[[0;32m  OK  [0m] Started Daily Cleanup of Temporary Directories.
[[0;32m  OK  [0m] Listening on Open-iSCSI iscsid Socket.
[[0;32m  OK  [0m] Started Message of the Day.
[[0;32m  OK  [0m] Started Discard unused blocks once a week.
[[0;32m  OK  [0m] Listening on D-Bus System Message Bus Socket.
[[0;32m  OK  [0m] Listening on ACPID Listen Socket.
[[0;32m  OK  [0m] Started Daily apt download activities.
[[0;32m  OK  [0m] Started Daily apt upgrade and clean activities.
[[0;32m  OK  [0m] Reached target Timers.
[[0;32m  OK  [0m] Started ACPI Events Check.
[[0;32m  OK  [0m] Reached target Paths.
         Starting LXD - unix socket.
[[0;32m  OK  [0m] Reached target Cloud-config availability.
[[0;32m  OK  [0m] Reached target Network is Online.
         Starting Availability of block devices...
[[0;32m  OK  [0m] Reached target Remote File Systems (Pre).
[[0;32m  OK  [0m] Reached target Remote File Systems.
[[0;32m  OK  [0m] Listening on Socket activation for snappy daemon.
[[0;32m  OK  [0m] Listening on LXD - unix socket.
[[0;32m  OK  [0m] Started Availability of block devices.
[[0;32m  OK  [0m] Reached target Sockets.
[[0;32m  OK  [0m] Reached target Basic System.
[[0;32m  OK  [0m] Started FUSE filesystem for LXC.
         Starting System Logging Service...
[[0;32m  OK  [0m] Started Regular background program processing daemon.
         Starting LXD - container startup/shutdown...
[[0;32m  OK  [0m] Started irqbalance daemon.
         Starting Virtualbox guest utils...
[[0;32m  OK  [0m] Started D-Bus System Message Bus.
         Starting Snappy daemon...
         Starting Login Service...
         Starting LSB: Record successful boot for GRUB...
[[0;32m  OK  [0m] Started Deferred execution scheduler.
         Starting Accounts Service...
         Starting Permit User Sessions...
         Starting LSB: automatic crash report generation...
         Starting Dispatcher daemon for systemd-networkd...
         Starting Pollinate to seed the pseudo random number generator...
[[0;32m  OK  [0m] Started System Logging Service.
[[0;32m  OK  [0m] Started Permit User Sessions.
[[0;32m  OK  [0m] Started LXD - container startup/shutdown.
[[0;32m  OK  [0m] Started Login Service.
[[0;32m  OK  [0m] Started Unattended Upgrades Shutdown.
         Starting Authorization Manager...
         Starting Terminate Plymouth Boot Screen...
         Starting Hold until boot process finishes up...
[[0;32m  OK  [0m] Started Terminate Plymouth Boot Screen.
[[0;32m  OK  [0m] Started Hold until boot process finishes up.
         Starting Set console scheme...
[[0;32m  OK  [0m] Started Serial Getty on ttyS0.
[[0;32m  OK  [0m] Started Set console scheme.
[[0;32m  OK  [0m] Created slice system-getty.slice.
[[0;32m  OK  [0m] Started Getty on tty1.
[[0;32m  OK  [0m] Reached target Login Prompts.
[[0;32m  OK  [0m] Started Virtualbox guest utils.
[[0;32m  OK  [0m] Started Authorization Manager.
[[0;32m  OK  [0m] Started Accounts Service.
[[0;32m  OK  [0m] Started LSB: automatic crash report generation.
[[0;32m  OK  [0m] Started LSB: Record successful boot for GRUB.
[[0;32m  OK  [0m] Started Dispatcher daemon for systemd-networkd.
[[0;32m  OK  [0m] Started Snappy daemon.
         Starting Wait until snapd is fully seeded...
[[0;32m  OK  [0m] Started Pollinate to seed the pseudo random number generator.
         Starting OpenBSD Secure Shell server...
[[0;32m  OK  [0m] Started OpenBSD Secure Shell server.
[[0;32m  OK  [0m] Created slice User Slice of vagrant.
         Starting User Manager for UID 1000...
[[0;32m  OK  [0m] Started Session 1 of user vagrant.
[[0;32m  OK  [0m] Started User Manager for UID 1000.
[[0;32m  OK  [0m] Started Wait until snapd is fully seeded.
[[0;32m  OK  [0m] Reached target Multi-User System.
[[0;32m  OK  [0m] Reached target Graphical Interface.
         Starting Update UTMP about System Runlevel Changes...
         Starting Apply the settings specified in cloud-config...
[[0;32m  OK  [0m] Started Update UTMP about System Runlevel Changes.
[   19.782278] cloud-init[1226]: Cloud-init v. 19.3-41-gc4735dd3-0ubuntu1~18.04.1 running 'modules:config' at Tue, 21 Jan 2020 16:43:51 +0000. Up 18.72 seconds.
[[0;32m  OK  [0m] Started Apply the settings specified in cloud-config.
         Starting Execute cloud user/final scripts...
ci-info: no authorized ssh keys fingerprints found for user ubuntu.
<14>Jan 21 16:43:53 ec2: 
<14>Jan 21 16:43:53 ec2: #############################################################
<14>Jan 21 16:43:53 ec2: -----BEGIN SSH HOST KEY FINGERPRINTS-----
<14>Jan 21 16:43:53 ec2: 1024 SHA256:GrOIcSL7HFiDkFezNZjX50H7yzwZ1rQ1VpcCFBbaSxs root@ubuntu-bionic (DSA)
<14>Jan 21 16:43:53 ec2: 256 SHA256:yOLKr4alhi/Dt65xoK8cfdmrX4SSFHdMD4PYEAmOevY root@ubuntu-bionic (ECDSA)
<14>Jan 21 16:43:53 ec2: 256 SHA256:V5mX4Ye/BiVXTHalvkyFwJqHsE93KImdSxhnJddlueU root@ubuntu-bionic (ED25519)
<14>Jan 21 16:43:53 ec2: 2048 SHA256:Th5/mRMClD29xuIqdbIm+KuvfcObwYRjfpxt/mL9sFY root@ubuntu-bionic (RSA)
<14>Jan 21 16:43:53 ec2: -----END SSH HOST KEY FINGERPRINTS-----
<14>Jan 21 16:43:53 ec2: #############################################################
-----BEGIN SSH HOST KEY KEYS-----
ecdsa-sha2-nistp256 AAAAE2VjZHNhLXNoYTItbmlzdHAyNTYAAAAIbmlzdHAyNTYAAABBBBp5pOToiH8LCX4DfoT+ihqAdkcadO4oc0uf+N0LGYidmWc+SLbEe4qZYMYwUA9fiZjVB2Vl06dIgaZh/2/gGfY= root@ubuntu-bionic
ssh-ed25519 AAAAC3NzaC1lZDI1NTE5AAAAIC1h6U9nmmqC8lJCjx0zOI14UD0cEGUcRLg0+7tlTLHJ root@ubuntu-bionic
ssh-rsa AAAAB3NzaC1yc2EAAAADAQABAAABAQDHhMT7C0BC52gwTBNQIOt8ncia56HEkX27olVsuwnIxmShldEmSahxo+kJ+dGv4/dEd8R+avC2AApMobjzFoY6uh6/Yxgb6eNPTNnocm2/Vtj2qQ6uPpAseBMC9TMveYiVM1Iqh++bZ7rF7uq4mGIaDMQwZMXEmWqCo85YMylKKCu2R+2n+939nCg/vU3c6vB0v7HuiuehVaIebmHqK8Xwxjy05JsBxjpY1sw6iiMOO43VhsI4VIsfcZASmw4yK32UCMnvBLbm83/n8K701+93UxkAzBTpN6FL3geIKKQnydI866w/toytSiFExBOYyW5H8ZqAu5pV5079Qgaa/RAr root@ubuntu-bionic
-----END SSH HOST KEY KEYS-----
[   20.941769] cloud-init[1347]: Cloud-init v. 19.3-41-gc4735dd3-0ubuntu1~18.04.1 running 'modules:final' at Tue, 21 Jan 2020 16:43:53 +0000. Up 20.65 seconds.
[   20.943574] cloud-init[1347]: ci-info: no authorized ssh keys fingerprints found for user ubuntu.
[   20.944674] cloud-init[1347]: Cloud-init v. 19.3-41-gc4735dd3-0ubuntu1~18.04.1 finished at Tue, 21 Jan 2020 16:43:53 +0000. Datasource DataSourceNoCloud [seed=/dev/sdb][dsmode=net].  Up 20.92 seconds
[[0;32m  OK  [0m] Started Execute cloud user/final scripts.
[[0;32m  OK  [0m] Reached target Cloud-init target.

Ubuntu 18.04.3 LTS ubuntu-bionic ttyS0

ubuntu-bionic login: 